<html>
<body>
<pre>
<h1>Vision Build Log</h1>
<h2>Tool Versions:</h2>
IDE-Version: μVision V5.27.1.0
Copyright (C) 2019 ARM Ltd and ARM Germany GmbH. All rights reserved.
License Information:  ,  , LIC=IKA0P-MT24G-YI35X-H8Z2J-0VQY4-5F1SE
 
Tool Versions:
Toolchain:       PK51 Prof. Developers Kit  Version: 9.60.0.0
Toolchain Path:  D:\app\keilC51\C51\BIN
C Compiler:      C51.exe V9.60.0.0
Assembler:       A51.exe V8.2.7.0
Linker/Locator:  BL51.exe V6.22.2.0
Library Manager: LIB51.exe V4.30.1.0
Hex Converter:   OH51.exe V2.7.0.0
CPU DLL:         S8051.DLL V3.122.0.0
Dialog DLL:      DP51.DLL V2.67.0.0 
<h2>Project:</h2>
D:\_软件项目\51\project\LCD1602计算器\project\计算器.uvproj
Project File Date:  02/18/2021

<h2>Output:</h2>
Build target 'Target 1'
compiling main.c...
..\source_files\app.h(4): error C141: syntax error near 'keyvalue', expected ')'
..\source_files\lcd1602.h(6): error C141: syntax error near '8', expected ')'
..\source_files\lcd1602.h(7): error C141: syntax error near 'x', expected ')'
..\source_files\lcd1602.h(8): error C141: syntax error near 'x', expected ')'
..\source_files\main.c(32): error C100: unprintable character 0xA3 skipped
..\source_files\main.c(32): error C100: unprintable character 0xBB skipped
..\source_files\main.c(41): error C141: syntax error near 'void', expected ';'
..\source_files\main.c(42): error C141: syntax error near '{', expected ';'
..\source_files\main.c(43): error C231: 'timer0Init': redefinition
..\source_files\main.c(44): error C141: syntax error near 'while', expected 'hdata'
..\source_files\main.c(44): error C141: syntax error near '1', expected 'hdata'
..\source_files\main.c(45): error C231: 'keydriver': redefinition
..\source_files\main.c(48): error C141: syntax error near '}', expected 'hdata'
compiling lcd1602.c...
..\source_files\app.h(4): error C141: syntax error near 'keyvalue', expected ')'
..\source_files\lcd1602.h(6): error C141: syntax error near '8', expected ')'
..\source_files\lcd1602.h(7): error C141: syntax error near 'x', expected ')'
..\source_files\lcd1602.h(8): error C141: syntax error near 'x', expected ')'
..\source_files\lcd1602.c(107): error C236: '_LCD1602_Set_Cursor': different length of parameter lists
..\source_files\lcd1602.c(123): error C236: '_LCD1602_Dis_OneChar': different length of parameter lists
..\source_files\lcd1602.c(139): error C236: '_LCD1602_Dis_Str': different length of parameter lists
compiling app.c...
..\source_files\app.h(4): error C141: syntax error near 'keyvalue', expected ')'
..\source_files\lcd1602.h(6): error C141: syntax error near '8', expected ')'
..\source_files\lcd1602.h(7): error C141: syntax error near 'x', expected ')'
..\source_files\lcd1602.h(8): error C141: syntax error near 'x', expected ')'
compiling key.c...
..\source_files\app.h(4): error C141: syntax error near 'keyvalue', expected ')'
..\source_files\lcd1602.h(6): error C141: syntax error near '8', expected ')'
..\source_files\lcd1602.h(7): error C141: syntax error near 'x', expected ')'
..\source_files\lcd1602.h(8): error C141: syntax error near 'x', expected ')'
..\source_files\key.c(20): error C202: 'backup': undefined identifier
..\source_files\key.c(21): error C202: 'backup': undefined identifier
..\source_files\key.c(25): error C202: 'backup': undefined identifier
..\source_files\key.c(80): error C141: syntax error near 'int', expected '__asm'
..\source_files\key.c(80): error C202: 'i': undefined identifier
..\source_files\key.c(81): error C202: 'i': undefined identifier
compiling oled.c...
..\source_files\app.h(4): error C141: syntax error near 'keyvalue', expected ')'
..\source_files\lcd1602.h(6): error C141: syntax error near '8', expected ')'
..\source_files\lcd1602.h(7): error C141: syntax error near 'x', expected ')'
..\source_files\lcd1602.h(8): error C141: syntax error near 'x', expected ')'
Target not created.
Build Time Elapsed:  00:00:01
</pre>
</body>
</html>
